50
12.000000001 -1.0 -2.0 0.0 0.0 -1.0 0.0 -3.0 0.0 0.0 0.0 0.0 0.0 0.0 0.0 -1.0 0.0 0.0 0.0 0.0 0.0 -4.0 0.0 0.0 0.0 0.0 0.0 0.0 0.0 0.0 0.0 0.0 0.0 0.0 0.0 0.0 0.0 0.0 0.0 0.0 0.0 0.0 0.0 0.0 0.0 0.0 0.0 0.0 0.0 0.0 
-2.0 22.0 -3.0 -3.0 0.0 -3.0 0.0 -4.0 0.0 0.0 0.0 0.0 0.0 0.0 0.0 -3.0 0.0 0.0 -2.0 0.0 0.0 -2.0 0.0 0.0 0.0 0.0 0.0 0.0 0.0 0.0 0.0 0.0 0.0 0.0 0.0 0.0 0.0 0.0 0.0 0.0 0.0 0.0 0.0 0.0 0.0 0.0 0.0 0.0 0.0 0.0 
-1.0 -1.0 17.0 -4.0 0.0 0.0 0.0 -2.0 0.0 0.0 -2.0 0.0 0.0 0.0 0.0 0.0 0.0 -2.0 -3.0 0.0 0.0 0.0 0.0 0.0 0.0 0.0 0.0 0.0 0.0 0.0 0.0 0.0 0.0 0.0 0.0 0.0 0.0 0.0 0.0 0.0 0.0 0.0 0.0 0.0 0.0 0.0 -2.0 0.0 0.0 0.0 
0.0 -4.0 -2.0 35.0 0.0 -4.0 -2.0 -1.0 0.0 0.0 -4.0 0.0 0.0 0.0 0.0 0.0 0.0 -4.0 -4.0 0.0 0.0 -1.0 0.0 0.0 0.0 0.0 -4.0 0.0 0.0 0.0 0.0 0.0 0.0 0.0 0.0 0.0 0.0 0.0 -4.0 0.0 0.0 0.0 0.0 0.0 0.0 0.0 -1.0 0.0 0.0 0.0 
0.0 0.0 0.0 0.0 32.0 -3.0 -4.0 -1.0 0.0 0.0 -2.0 -2.0 0.0 0.0 0.0 -2.0 0.0 0.0 -2.0 0.0 0.0 -2.0 0.0 0.0 0.0 0.0 -3.0 0.0 0.0 0.0 0.0 -4.0 0.0 0.0 0.0 0.0 0.0 0.0 -3.0 0.0 -2.0 0.0 0.0 0.0 0.0 0.0 -2.0 0.0 0.0 0.0 
-4.0 0.0 -1.0 -1.0 -2.0 38.0 -4.0 -1.0 -1.0 0.0 0.0 -2.0 0.0 0.0 0.0 0.0 -3.0 0.0 -3.0 0.0 0.0 -2.0 0.0 0.0 0.0 0.0 0.0 0.0 0.0 0.0 0.0 -4.0 0.0 0.0 0.0 0.0 0.0 0.0 -4.0 0.0 -4.0 0.0 0.0 0.0 0.0 0.0 -2.0 0.0 0.0 0.0 
0.0 0.0 0.0 -4.0 -3.0 -3.0 45.0 -3.0 -4.0 0.0 -3.0 -3.0 0.0 0.0 0.0 -3.0 -1.0 -1.0 -4.0 0.0 0.0 -4.0 0.0 0.0 0.0 0.0 -2.0 0.0 0.0 0.0 0.0 -3.0 0.0 0.0 0.0 0.0 0.0 0.0 0.0 0.0 -2.0 0.0 0.0 0.0 0.0 0.0 -2.0 0.0 0.0 0.0 
-3.0 0.0 0.0 0.0 -4.0 -4.0 -2.0 33.0 -2.0 -2.0 -1.0 -2.0 0.0 0.0 0.0 -1.0 0.0 -3.0 -1.0 -1.0 0.0 0.0 -1.0 0.0 0.0 0.0 -2.0 0.0 0.0 0.0 0.0 0.0 0.0 0.0 0.0 0.0 0.0 0.0 0.0 0.0 -3.0 0.0 0.0 0.0 0.0 0.0 -1.0 0.0 0.0 0.0 
0.0 0.0 0.0 0.0 0.0 -2.0 -1.0 0.0 32.0 -1.0 -4.0 -4.0 -1.0 0.0 0.0 -1.0 0.0 -1.0 -2.0 -2.0 0.0 -3.0 -1.0 0.0 0.0 0.0 -1.0 0.0 0.0 0.0 0.0 -3.0 0.0 0.0 0.0 0.0 0.0 0.0 -2.0 0.0 -1.0 0.0 0.0 0.0 0.0 0.0 -2.0 0.0 0.0 0.0 
0.0 0.0 0.0 0.0 0.0 0.0 0.0 -3.0 -4.0 37.0 -3.0 0.0 -1.0 0.0 -3.0 0.0 -4.0 -1.0 -2.0 -2.0 0.0 -4.0 0.0 0.0 0.0 0.0 0.0 0.0 0.0 0.0 0.0 -3.0 0.0 0.0 0.0 0.0 0.0 0.0 -1.0 0.0 -2.0 0.0 0.0 0.0 0.0 0.0 -4.0 0.0 0.0 0.0 
0.0 0.0 -2.0 -4.0 -1.0 -1.0 -2.0 -4.0 -4.0 -2.0 55.0 0.0 -3.0 -3.0 -1.0 -4.0 0.0 0.0 -3.0 -2.0 0.0 0.0 -3.0 0.0 0.0 0.0 -2.0 0.0 -1.0 0.0 0.0 -4.0 0.0 0.0 0.0 0.0 0.0 0.0 -4.0 0.0 -1.0 0.0 0.0 0.0 0.0 0.0 -4.0 0.0 0.0 0.0 
0.0 0.0 0.0 0.0 -3.0 -1.0 -1.0 -4.0 -4.0 -2.0 -1.0 42.0 -1.0 -2.0 -3.0 0.0 -2.0 0.0 -1.0 -1.0 0.0 -1.0 -1.0 0.0 0.0 0.0 -3.0 0.0 0.0 0.0 0.0 -1.0 0.0 0.0 0.0 0.0 0.0 0.0 -4.0 0.0 -2.0 0.0 0.0 0.0 0.0 0.0 -3.0 0.0 -1.0 0.0 
0.0 0.0 0.0 0.0 0.0 0.0 0.0 0.0 -4.0 0.0 0.0 0.0 38.0 -2.0 -2.0 -2.0 -1.0 -3.0 -1.0 -3.0 0.0 0.0 -1.0 0.0 0.0 0.0 -2.0 0.0 -2.0 0.0 0.0 -3.0 0.0 0.0 0.0 0.0 0.0 0.0 -2.0 -4.0 -1.0 0.0 0.0 0.0 0.0 0.0 -3.0 0.0 -2.0 0.0 
0.0 0.0 0.0 0.0 0.0 0.0 0.0 0.0 0.0 0.0 -2.0 -3.0 -1.0 37.0 -1.0 0.0 -3.0 -2.0 -2.0 0.0 0.0 -3.0 -4.0 0.0 0.0 0.0 -2.0 0.0 -2.0 0.0 -2.0 -1.0 0.0 0.0 0.0 0.0 0.0 0.0 -2.0 -3.0 0.0 0.0 0.0 0.0 0.0 0.0 -2.0 0.0 -2.0 0.0 
0.0 0.0 0.0 0.0 0.0 0.0 0.0 0.0 0.0 -1.0 -3.0 -3.0 -1.0 -4.0 48.0 0.0 0.0 -4.0 -4.0 0.0 0.0 -2.0 -2.0 0.0 0.0 0.0 -4.0 0.0 -4.0 0.0 0.0 -2.0 0.0 0.0 0.0 0.0 0.0 0.0 -4.0 -3.0 -2.0 0.0 0.0 0.0 0.0 0.0 -4.0 0.0 -1.0 0.0 
-1.0 -1.0 -4.0 0.0 0.0 -4.0 -1.0 -3.0 -4.0 -2.0 -4.0 0.0 -2.0 -4.0 -3.0 60.0 -3.0 -4.0 -1.0 -1.0 0.0 -3.0 -2.0 0.0 0.0 0.0 -1.0 0.0 0.0 0.0 -2.0 -2.0 0.0 0.0 0.0 0.0 0.0 0.0 0.0 -2.0 -2.0 0.0 0.0 0.0 0.0 0.0 0.0 0.0 -4.0 0.0 
0.0 0.0 0.0 0.0 0.0 -3.0 -1.0 -1.0 0.0 -3.0 0.0 0.0 -3.0 -2.0 -4.0 -1.0 50.0 0.0 -4.0 0.0 0.0 -4.0 -3.0 -2.0 0.0 0.0 0.0 0.0 -4.0 0.0 -3.0 -2.0 0.0 0.0 0.0 0.0 0.0 0.0 -2.0 -1.0 -4.0 0.0 0.0 0.0 0.0 0.0 -2.0 0.0 -1.0 0.0 
0.0 0.0 -1.0 -2.0 -3.0 -2.0 -4.0 -3.0 -1.0 -3.0 0.0 0.0 -1.0 -1.0 -1.0 -3.0 -2.0 66.0 -4.0 -4.0 -2.0 -2.0 -3.0 -2.0 0.0 0.0 -4.0 0.0 0.0 0.0 -2.0 -1.0 0.0 0.0 0.0 0.0 0.0 0.0 -4.0 -1.0 -1.0 -4.0 0.0 0.0 0.0 0.0 -3.0 0.0 -2.0 0.0 
0.0 -3.0 0.0 -4.0 -1.0 -3.0 -2.0 -4.0 -2.0 -3.0 0.0 -4.0 -1.0 -3.0 -1.0 -1.0 0.0 -3.0 67.0 -1.0 -3.0 -2.0 -2.0 -2.0 0.0 0.0 0.0 0.0 -1.0 0.0 -3.0 -1.0 0.0 0.0 0.0 0.0 0.0 0.0 -4.0 0.0 0.0 -4.0 0.0 0.0 -3.0 0.0 -3.0 0.0 -3.0 0.0 
0.0 0.0 0.0 0.0 0.0 0.0 0.0 -3.0 -1.0 -4.0 -3.0 -3.0 0.0 -2.0 -2.0 -1.0 -2.0 -2.0 -2.0 59.0 0.0 -4.0 -1.0 -3.0 0.0 0.0 -2.0 0.0 0.0 0.0 -2.0 -4.0 0.0 0.0 0.0 0.0 0.0 0.0 -3.0 0.0 -2.0 -1.0 0.0 0.0 -4.0 0.0 0.0 0.0 -4.0 -4.0 
0.0 0.0 0.0 0.0 0.0 0.0 0.0 0.0 0.0 0.0 0.0 0.0 0.0 0.0 0.0 0.0 0.0 -1.0 -4.0 -1.0 49.0 -2.0 -4.0 -3.0 -4.0 0.0 -1.0 0.0 -2.0 0.0 -1.0 -3.0 -3.0 0.0 0.0 0.0 0.0 0.0 -4.0 0.0 -3.0 -4.0 0.0 0.0 -2.0 0.0 -4.0 0.0 -2.0 -1.0 
-1.0 0.0 -1.0 0.0 -2.0 -3.0 0.0 -3.0 -2.0 -4.0 -3.0 0.0 -2.0 -3.0 0.0 -4.0 -3.0 0.0 -3.0 0.0 -2.0 52.0 -1.0 0.0 -1.0 0.0 -3.0 0.0 0.0 0.0 0.0 0.0 0.0 0.0 0.0 0.0 0.0 -2.0 0.0 -1.0 -3.0 -1.0 0.0 0.0 0.0 0.0 -3.0 0.0 0.0 -1.0 
0.0 0.0 0.0 0.0 0.0 0.0 0.0 -4.0 -4.0 -4.0 -4.0 -4.0 -1.0 -4.0 -1.0 -2.0 -3.0 -1.0 -2.0 -4.0 -1.0 -3.0 78.0 0.0 -2.0 0.0 -1.0 0.0 -2.0 0.0 -2.0 0.0 -3.0 0.0 0.0 0.0 0.0 -4.0 -2.0 -3.0 -4.0 -4.0 0.0 0.0 -2.0 0.0 -1.0 0.0 -2.0 -4.0 
0.0 0.0 0.0 0.0 0.0 0.0 0.0 0.0 0.0 0.0 0.0 0.0 0.0 0.0 0.0 0.0 -2.0 -1.0 -3.0 -1.0 -4.0 -1.0 -3.0 45.0 0.0 0.0 -3.0 0.0 -1.0 0.0 -4.0 -3.0 -1.0 0.0 0.0 0.0 0.0 -3.0 0.0 0.0 -4.0 -3.0 0.0 0.0 -3.0 0.0 -4.0 0.0 -1.0 0.0 
0.0 0.0 0.0 0.0 0.0 0.0 0.0 0.0 0.0 0.0 0.0 0.0 0.0 0.0 0.0 0.0 0.0 0.0 0.0 0.0 -1.0 -1.0 -1.0 -1.0 35.0 0.0 0.0 0.0 -1.0 -1.0 -4.0 -3.0 -1.0 0.0 0.0 0.0 0.0 -4.0 -3.0 -2.0 -2.0 -4.0 0.0 0.0 0.0 0.0 -2.0 0.0 0.0 -4.0 
0.0 0.0 0.0 0.0 0.0 0.0 0.0 0.0 0.0 0.0 0.0 0.0 0.0 0.0 0.0 0.0 0.0 0.0 0.0 0.0 0.0 0.0 0.0 0.0 0.0 24.0 -3.0 -2.0 0.0 -1.0 -1.0 -1.0 0.0 0.0 0.0 0.0 0.0 -3.0 0.0 -2.0 -1.0 -1.0 0.0 0.0 -4.0 0.0 -1.0 0.0 -1.0 -3.0 
0.0 0.0 0.0 -3.0 -2.0 0.0 -1.0 -2.0 -1.0 -2.0 -3.0 -3.0 -3.0 -1.0 0.0 -3.0 -4.0 -4.0 0.0 -3.0 -1.0 -4.0 0.0 -2.0 0.0 -1.0 84.0 -3.0 -4.0 -4.0 -4.0 -4.0 -3.0 0.0 0.0 0.0 0.0 0.0 0.0 -4.0 0.0 -3.0 -4.0 0.0 -1.0 0.0 0.0 0.0 -4.0 -3.0 
0.0 0.0 0.0 0.0 0.0 0.0 0.0 0.0 0.0 0.0 0.0 0.0 0.0 0.0 0.0 0.0 0.0 0.0 0.0 0.0 0.0 0.0 0.0 0.0 0.0 -2.0 0.0 37.0 -4.0 0.0 -3.0 -3.0 -4.0 -2.0 0.0 0.0 0.0 -1.0 -2.0 -1.0 0.0 -4.0 -2.0 0.0 -2.0 0.0 -3.0 0.0 -4.0 0.0 
0.0 0.0 0.0 0.0 0.0 0.0 0.0 0.0 0.0 0.0 -3.0 -2.0 -4.0 -1.0 -2.0 -2.0 -1.0 -4.0 -4.0 0.0 -3.0 -4.0 -4.0 -2.0 -2.0 0.0 -3.0 -1.0 78.0 -2.0 -2.0 -1.0 -2.0 -2.0 0.0 0.0 0.0 -3.0 0.0 -2.0 -3.0 -4.0 -1.0 0.0 -1.0 -4.0 -1.0 0.0 -4.0 -4.0 
0.0 0.0 0.0 0.0 0.0 0.0 0.0 0.0 0.0 0.0 0.0 0.0 0.0 0.0 0.0 0.0 0.0 0.0 0.0 0.0 0.0 0.0 0.0 0.0 -3.0 -3.0 -3.0 0.0 0.0 38.0 -4.0 -4.0 -4.0 -1.0 0.0 0.0 0.0 -2.0 0.0 -3.0 -4.0 -1.0 -2.0 0.0 -2.0 0.0 -1.0 0.0 -1.0 0.0 
0.0 0.0 0.0 0.0 0.0 0.0 0.0 0.0 0.0 0.0 0.0 0.0 0.0 -4.0 -3.0 -3.0 -1.0 0.0 0.0 -1.0 -3.0 0.0 -3.0 0.0 -2.0 0.0 -4.0 -4.0 0.0 -1.0 60.0 -4.0 -2.0 -3.0 -4.0 0.0 0.0 0.0 -2.0 0.0 -1.0 -3.0 -4.0 0.0 -2.0 -3.0 0.0 0.0 -3.0 0.0 
0.0 0.0 0.0 0.0 -1.0 -2.0 -3.0 -4.0 0.0 0.0 -2.0 -3.0 0.0 0.0 -3.0 -3.0 -1.0 -2.0 -1.0 -2.0 -2.0 0.0 -2.0 0.0 -3.0 -4.0 -3.0 -4.0 0.0 0.0 -2.0 78.0 -1.0 -2.0 -2.0 0.0 0.0 -1.0 -1.0 -4.0 -3.0 -1.0 -4.0 0.0 -2.0 -4.0 -3.0 0.0 -3.0 0.0 
0.0 0.0 0.0 0.0 0.0 0.0 0.0 0.0 0.0 0.0 0.0 0.0 0.0 0.0 0.0 0.0 0.0 0.0 0.0 0.0 -2.0 -1.0 -4.0 0.0 -3.0 -2.0 -4.0 -4.0 -4.0 -2.0 -4.0 -4.0 57.0 -2.0 0.0 0.0 0.0 -1.0 -3.0 -3.0 -3.0 -2.0 -2.0 0.0 -2.0 0.0 -1.0 0.0 -1.0 -3.0 
0.0 0.0 0.0 0.0 0.0 0.0 0.0 0.0 0.0 0.0 0.0 0.0 0.0 0.0 0.0 0.0 0.0 0.0 0.0 0.0 0.0 0.0 0.0 0.0 0.0 0.0 0.0 -2.0 -4.0 -1.0 -3.0 -1.0 -2.0 41.0 -1.0 -4.0 0.0 -3.0 -3.0 -3.0 0.0 0.0 -4.0 0.0 -4.0 -2.0 -1.0 0.0 -1.0 -2.0 
0.0 0.0 0.0 0.0 0.0 0.0 0.0 0.0 0.0 0.0 0.0 0.0 0.0 0.0 0.0 0.0 0.0 0.0 0.0 0.0 0.0 0.0 0.0 0.0 0.0 0.0 0.0 0.0 0.0 0.0 -3.0 -1.0 -2.0 -4.0 26.0 -2.0 0.0 0.0 0.0 -3.0 -2.0 -4.0 -1.0 0.0 0.0 0.0 -3.0 0.0 -1.0 0.0 
0.0 0.0 0.0 0.0 0.0 0.0 0.0 0.0 0.0 0.0 0.0 0.0 0.0 0.0 0.0 0.0 0.0 0.0 0.0 0.0 0.0 0.0 0.0 0.0 0.0 0.0 0.0 0.0 0.0 0.0 0.0 0.0 0.0 -3.0 -1.0 26.0 0.0 -1.0 -2.0 -2.0 -2.0 -1.0 -1.0 0.0 -3.0 -4.0 -1.0 0.0 -1.0 -4.0 
0.0 0.0 0.0 0.0 0.0 0.0 0.0 0.0 0.0 0.0 0.0 0.0 0.0 0.0 0.0 0.0 0.0 0.0 0.0 0.0 0.0 0.0 0.0 0.0 0.0 0.0 0.0 0.0 0.0 0.0 0.0 0.0 0.0 0.0 0.0 0.0 27.0 0.0 -3.0 -2.0 -1.0 -2.0 -2.0 -4.0 -4.0 -1.0 -1.0 0.0 -4.0 -3.0 
0.0 0.0 0.0 0.0 0.0 0.0 0.0 0.0 0.0 0.0 0.0 0.0 0.0 0.0 0.0 0.0 0.0 0.0 0.0 0.0 0.0 -2.0 -4.0 -2.0 -4.0 0.0 -1.0 -1.0 -2.0 0.0 0.0 0.0 -1.0 -2.0 -1.0 -2.0 -2.0 41.0 -4.0 -4.0 0.0 -1.0 -1.0 0.0 -3.0 0.0 -2.0 0.0 -1.0 -1.0 
0.0 0.0 0.0 -4.0 -4.0 0.0 -3.0 -1.0 -2.0 -3.0 -3.0 -2.0 -1.0 -4.0 -2.0 -2.0 -4.0 -3.0 -2.0 -1.0 -2.0 -4.0 -3.0 -1.0 -4.0 -1.0 0.0 -2.0 -4.0 -2.0 0.0 -4.0 0.0 -3.0 -4.0 -2.0 -3.0 -2.0 111.0 -4.0 -4.0 -1.0 -3.0 -1.0 -1.0 -4.0 -4.0 0.0 -3.0 -4.0 
0.0 0.0 0.0 0.0 0.0 0.0 0.0 0.0 0.0 0.0 0.0 0.0 -4.0 -2.0 -2.0 -1.0 -3.0 -3.0 -1.0 -2.0 -4.0 -1.0 -3.0 0.0 -4.0 -4.0 0.0 -4.0 -2.0 0.0 -4.0 0.0 -2.0 -2.0 -3.0 -1.0 -1.0 -2.0 -3.0 77.0 -4.0 -1.0 -1.0 0.0 -3.0 0.0 -2.0 -3.0 -1.0 -4.0 
0.0 0.0 0.0 0.0 -3.0 -2.0 -1.0 -1.0 -3.0 -4.0 -2.0 -4.0 0.0 0.0 -3.0 -3.0 -3.0 -1.0 -4.0 -4.0 0.0 -3.0 -3.0 -4.0 -1.0 -2.0 -2.0 -1.0 -3.0 -4.0 -4.0 -2.0 -4.0 0.0 -3.0 0.0 0.0 -1.0 -3.0 -2.0 100.0 -1.0 -3.0 -4.0 -1.0 -2.0 -1.0 -4.0 -4.0 0.0 
0.0 0.0 0.0 0.0 0.0 0.0 0.0 0.0 0.0 0.0 0.0 0.0 0.0 0.0 0.0 0.0 0.0 -4.0 -2.0 0.0 -1.0 -3.0 -4.0 -2.0 -4.0 0.0 -1.0 -4.0 -2.0 -1.0 -3.0 -1.0 -4.0 -2.0 0.0 -4.0 -3.0 -2.0 0.0 -1.0 0.0 62.0 0.0 -4.0 -4.0 0.0 -4.0 0.0 -1.0 -1.0 
0.0 0.0 0.0 0.0 0.0 0.0 0.0 0.0 0.0 0.0 0.0 0.0 0.0 0.0 0.0 0.0 0.0 0.0 0.0 0.0 0.0 0.0 0.0 0.0 0.0 0.0 -1.0 -3.0 -4.0 -2.0 -3.0 -3.0 0.0 -3.0 -3.0 -4.0 -3.0 0.0 -2.0 -4.0 -1.0 -3.0 51.0 -3.0 -2.0 -1.0 0.0 -2.0 0.0 -4.0 
0.0 0.0 0.0 0.0 0.0 0.0 0.0 0.0 0.0 0.0 0.0 0.0 0.0 0.0 0.0 0.0 0.0 0.0 0.0 0.0 0.0 0.0 0.0 0.0 0.0 0.0 0.0 0.0 0.0 0.0 0.0 0.0 0.0 0.0 0.0 0.0 -4.0 0.0 -1.0 -1.0 -1.0 -1.0 -3.0 26.0 -2.0 -2.0 -3.0 -4.0 0.0 -4.0 
0.0 0.0 0.0 0.0 0.0 0.0 0.0 0.0 0.0 0.0 0.0 0.0 0.0 0.0 0.0 0.0 0.0 0.0 -4.0 -1.0 -4.0 -4.0 -1.0 -4.0 -1.0 -4.0 -2.0 -2.0 -1.0 -3.0 0.0 -2.0 -3.0 -4.0 -4.0 -3.0 -1.0 -3.0 0.0 -2.0 0.0 -4.0 -1.0 -1.0 69.0 -1.0 -2.0 -4.0 0.0 -3.0 
0.0 0.0 0.0 0.0 0.0 0.0 0.0 0.0 0.0 0.0 0.0 0.0 0.0 0.0 0.0 0.0 0.0 0.0 0.0 0.0 0.0 0.0 0.0 0.0 0.0 0.0 0.0 0.0 -1.0 -2.0 -4.0 -2.0 -3.0 -3.0 -1.0 -1.0 -4.0 -4.0 -1.0 -4.0 -4.0 -2.0 -2.0 -3.0 -2.0 54.0 -4.0 -3.0 -1.0 -3.0 
0.0 0.0 -1.0 -1.0 -1.0 -4.0 0.0 -4.0 -4.0 -2.0 0.0 -1.0 -4.0 -4.0 -2.0 -3.0 -4.0 -3.0 -3.0 -2.0 -4.0 -3.0 -1.0 -1.0 -4.0 -3.0 -2.0 -3.0 -2.0 -4.0 0.0 0.0 -3.0 -1.0 -3.0 -3.0 -1.0 -1.0 0.0 -1.0 -1.0 -1.0 -1.0 -1.0 -1.0 -3.0 98.0 -1.0 -4.0 -2.0 
0.0 0.0 0.0 0.0 0.0 0.0 0.0 0.0 0.0 0.0 0.0 0.0 0.0 0.0 0.0 0.0 0.0 0.0 0.0 0.0 0.0 0.0 0.0 0.0 0.0 0.0 0.0 0.0 0.0 0.0 0.0 0.0 0.0 0.0 0.0 0.0 0.0 0.0 0.0 -2.0 -2.0 -4.0 0.0 -2.0 0.0 -3.0 -1.0 20.0 -2.0 -4.0 
0.0 0.0 0.0 0.0 0.0 0.0 0.0 0.0 0.0 0.0 0.0 -4.0 -2.0 -4.0 -3.0 -4.0 -4.0 0.0 -3.0 -2.0 -1.0 -3.0 -1.0 0.0 -3.0 -3.0 -1.0 0.0 -4.0 0.0 -4.0 -4.0 -1.0 -1.0 -2.0 -4.0 0.0 -1.0 -4.0 -4.0 0.0 0.0 -1.0 -3.0 -2.0 0.0 -1.0 -3.0 79.0 -2.0 
0.0 0.0 0.0 0.0 0.0 0.0 0.0 0.0 0.0 0.0 0.0 0.0 0.0 0.0 0.0 0.0 0.0 0.0 0.0 -4.0 -4.0 -4.0 -1.0 -3.0 -2.0 -1.0 -4.0 -1.0 -1.0 0.0 -1.0 0.0 0.0 -4.0 -3.0 -2.0 -3.0 -4.0 -2.0 -1.0 0.0 0.0 -1.0 -2.0 -4.0 0.0 -4.0 -3.0 0.0 59.0 
-129.999999999 -159.0 -193.0 -445.0 -556.0 -556.0 -436.0 -226.0 -383.0 -438.0 -452.0 -368.0 -531.0 -447.0 -549.0 -122.0 -335.0 -270.0 -176.0 -388.0 -577.0 114.0 -209.0 -363.0 -420.0 -309.0 121.0 -358.0 -26.0 -186.0 14.0 334.0 -22.0 -169.0 -92.0 -179.0 -204.0 150.0 1335.0 741.0 1427.0 601.0 286.0 -10.0 845.0 349.0 2216.0 59.0 1618.0 994.0